[30Nov2025 01:23:39.393] [main/INFO] [cpw.mods.modlauncher.Launcher/MODLAUNCHER]: ModLauncher running: args [--launchTarget, neoforgeclientdev, --version, 21.8.31, --assetIndex, 26, --assetsDir, C:\\Users\\Ciochu\\.mcreator\\gradle\\caches\\neoformruntime\\assets, --fml.fmlVersion, 9.0.16, --fml.mcVersion, 1.21.8, --fml.neoForgeVersion, 21.8.31, --fml.neoFormVersion, 20250717.133445]
[30Nov2025 01:23:39.398] [main/INFO] [cpw.mods.modlauncher.Launcher/MODLAUNCHER]: JVM identified as Eclipse Adoptium OpenJDK 64-Bit Server VM 21.0.8+9-LTS
[30Nov2025 01:23:39.401] [main/INFO] [cpw.mods.modlauncher.Launcher/MODLAUNCHER]: ModLauncher 9.0 starting: java version 21.0.8 by Eclipse Adoptium; OS Windows 11 arch amd64 version 10.0
[30Nov2025 01:23:39.580] [main/INFO] [net.neoforged.fml.loading.ImmediateWindowHandler/]: Loading ImmediateWindowProvider fmlearlywindow
[30Nov2025 01:23:40.199] [main/INFO] [mixin/]: SpongePowered MIXIN Subsystem Version=0.8.7 Source=union:/C:/Users/Ciochu/.mcreator/gradle/caches/modules-2/files-2.1/net.fabricmc/sponge-mixin/0.15.2+mixin.0.8.7/2af2f021d8e02a0220dc27a7a72b4666d66d44ca/sponge-mixin-0.15.2+mixin.0.8.7.jar%23157!/ Service=ModLauncher Env=CLIENT
[30Nov2025 01:23:40.521] [fml-loadingscreen/INFO] [net.neoforged.fml.earlydisplay.render.LoadingScreenRenderer/]: GL info: NVIDIA GeForce RTX 3070 Laptop GPU/PCIe/SSE2 GL version 3.2.0 NVIDIA 581.80, NVIDIA Corporation
[30Nov2025 01:23:40.700] [main/INFO] [net.neoforged.fml.loading.moddiscovery.locators.JarInJarDependencyLocator/]: Found 2 dependencies adding them to mods collection
[30Nov2025 01:23:40.705] [main/INFO] [net.neoforged.fml.loading.moddiscovery.ModDiscoverer/]: 
     Mod List:
		Name Version (Mod Id)

		Minecraft 1.21.8 (minecraft)
		NeoForge 21.8.31 (neoforge)
		WitcherCraft 1.0.0 (witchercraft)
		YDM's Mob Health Bar 1.0.0 (mobhealthbar)
[30Nov2025 01:23:42.362] [main/INFO] [mixin/]: Compatibility level set to JAVA_17
[30Nov2025 01:23:42.372] [main/INFO] [cpw.mods.modlauncher.LaunchServiceHandler/MODLAUNCHER]: Launching target 'neoforgeclientdev' with arguments [--version, 21.8.31, --assetsDir, C:\Users\Ciochu\.mcreator\gradle\caches\neoformruntime\assets, --assetIndex, 26]
[30Nov2025 01:23:45.688] [Datafixer Bootstrap/INFO] [com.mojang.datafixers.DataFixerBuilder/]: 272 Datafixer optimizations took 962 milliseconds
[30Nov2025 01:23:45.900] [pool-7-thread-1/INFO] [MixinExtras|Service/]: Initializing MixinExtras via com.llamalad7.mixinextras.service.MixinExtrasServiceImpl(version=0.5.0).
[30Nov2025 01:23:54.404] [main/WARN] [net.minecraft.commands.Commands/]: Ambiguity between arguments [teleport, location] and [teleport, destination] with inputs: [0.1 -0.5 .9, 0 0 0]
[30Nov2025 01:23:54.405] [main/WARN] [net.minecraft.commands.Commands/]: Ambiguity between arguments [teleport, location] and [teleport, targets] with inputs: [0.1 -0.5 .9, 0 0 0]
[30Nov2025 01:23:54.409] [main/WARN] [net.minecraft.commands.Commands/]: Ambiguity between arguments [teleport, destination] and [teleport, targets] with inputs: [Player, 0123, @e, dd12be42-52a9-4a91-a8a1-11c01849e498]
[30Nov2025 01:23:54.411] [main/WARN] [net.minecraft.commands.Commands/]: Ambiguity between arguments [teleport, targets] and [teleport, destination] with inputs: [Player, 0123, dd12be42-52a9-4a91-a8a1-11c01849e498]
[30Nov2025 01:23:54.412] [main/WARN] [net.minecraft.commands.Commands/]: Ambiguity between arguments [teleport, targets, location] and [teleport, targets, destination] with inputs: [0.1 -0.5 .9, 0 0 0]
[30Nov2025 01:23:54.414] [main/WARN] [net.minecraft.commands.Commands/]: Ambiguity between arguments [waypoint, modify, waypoint, color, reset] and [waypoint, modify, waypoint, color, color] with inputs: [reset]
[30Nov2025 01:23:54.551] [modloading-worker-0/INFO] [net.neoforged.neoforge.common.NeoForgeMod/NEOFORGE-MOD]: NeoForge mod loading, version 21.8.31, for MC 1.21.8
[30Nov2025 01:23:55.545] [Render thread/WARN] [net.minecraft.server.packs.VanillaPackResourcesBuilder/]: Assets URL 'union:/C:/Users/Ciochu/Documents/GitHub/WitcherCraft-1.21/build/moddev/artifacts/neoforge-21.8.31.jar%23213!/assets/.mcassetsroot' uses unexpected schema
[30Nov2025 01:23:55.548] [Render thread/WARN] [net.minecraft.server.packs.VanillaPackResourcesBuilder/]: Assets URL 'union:/C:/Users/Ciochu/Documents/GitHub/WitcherCraft-1.21/build/moddev/artifacts/neoforge-21.8.31.jar%23213!/data/.mcassetsroot' uses unexpected schema
[30Nov2025 01:23:55.623] [Render thread/INFO] [com.mojang.authlib.yggdrasil.YggdrasilAuthenticationService/]: Environment: Environment[sessionHost=https://sessionserver.mojang.com, servicesHost=https://api.minecraftservices.com, name=PROD]
[30Nov2025 01:23:55.635] [Render thread/INFO] [net.minecraft.client.Minecraft/]: Setting user: Dev
[30Nov2025 01:23:55.867] [Render thread/INFO] [net.minecraft.client.Minecraft/]: Backend library: LWJGL version 3.3.3+5
[30Nov2025 01:23:56.170] [Render thread/INFO] [net.minecraft.client.Minecraft/]: Using optional rendering extensions: GL_ARB_buffer_storage, GL_KHR_debug, GL_ARB_vertex_attrib_binding, GL_ARB_direct_state_access
[30Nov2025 01:23:57.556] [Render thread/INFO] [net.minecraft.server.packs.resources.ReloadableResourceManager/]: Reloading ResourceManager: vanilla, mod_resources, mod/neoforge, mod/witchercraft, mod/mobhealthbar
[30Nov2025 01:23:57.938] [resourceLoad/INFO] [net.minecraft.client.gui.font.providers.UnihexProvider/]: Found unifont_all_no_pua-16.0.03.hex, loading
[30Nov2025 01:23:57.938] [resourceLoad/INFO] [net.minecraft.client.gui.font.providers.UnihexProvider/]: Found unifont_pua-16.0.03.hex, loading
[30Nov2025 01:23:58.202] [resourceLoad/INFO] [net.minecraft.client.gui.font.providers.UnihexProvider/]: Found unifont_jp_patch-16.0.03.hex, loading
[30Nov2025 01:24:00.262] [Render thread/INFO] [com.mojang.blaze3d.audio.Library/]: OpenAL initialized on device OpenAL Soft on Słuchawki (Arctis Pro Wireless Game)
[30Nov2025 01:24:00.266] [Render thread/INFO] [net.minecraft.client.sounds.SoundEngine/SOUNDS]: Sound engine started
[30Nov2025 01:24:00.443] [Render thread/INFO] [net.minecraft.client.renderer.texture.TextureAtlas/]: Created: 1024x1024x2 minecraft:textures/atlas/blocks.png-atlas
[30Nov2025 01:24:00.465] [Render thread/INFO] [net.minecraft.client.renderer.texture.TextureAtlas/]: Created: 256x256x2 minecraft:textures/atlas/signs.png-atlas
[30Nov2025 01:24:00.466] [Render thread/INFO] [net.minecraft.client.renderer.texture.TextureAtlas/]: Created: 512x512x2 minecraft:textures/atlas/shield_patterns.png-atlas
[30Nov2025 01:24:00.467] [Render thread/INFO] [net.minecraft.client.renderer.texture.TextureAtlas/]: Created: 512x512x2 minecraft:textures/atlas/banner_patterns.png-atlas
[30Nov2025 01:24:00.468] [Render thread/INFO] [net.minecraft.client.renderer.texture.TextureAtlas/]: Created: 2048x1024x2 minecraft:textures/atlas/armor_trims.png-atlas
[30Nov2025 01:24:00.478] [Render thread/INFO] [net.minecraft.client.renderer.texture.TextureAtlas/]: Created: 128x64x2 minecraft:textures/atlas/decorated_pot.png-atlas
[30Nov2025 01:24:00.480] [Render thread/INFO] [net.minecraft.client.renderer.texture.TextureAtlas/]: Created: 256x256x2 minecraft:textures/atlas/chest.png-atlas
[30Nov2025 01:24:00.480] [Render thread/INFO] [net.minecraft.client.renderer.texture.TextureAtlas/]: Created: 512x256x2 minecraft:textures/atlas/shulker_boxes.png-atlas
[30Nov2025 01:24:00.481] [Render thread/INFO] [net.minecraft.client.renderer.texture.TextureAtlas/]: Created: 512x256x2 minecraft:textures/atlas/beds.png-atlas
[30Nov2025 01:24:00.486] [Render thread/INFO] [net.minecraft.client.renderer.texture.TextureAtlas/]: Created: 64x64x0 minecraft:textures/atlas/map_decorations.png-atlas
[30Nov2025 01:24:01.063] [Render thread/INFO] [net.minecraft.client.renderer.texture.TextureAtlas/]: Created: 512x256x0 minecraft:textures/atlas/particles.png-atlas
[30Nov2025 01:24:01.064] [Render thread/INFO] [net.minecraft.client.renderer.texture.TextureAtlas/]: Created: 512x256x0 minecraft:textures/atlas/paintings.png-atlas
[30Nov2025 01:24:01.066] [Render thread/INFO] [net.minecraft.client.renderer.texture.TextureAtlas/]: Created: 1024x1024x0 minecraft:textures/atlas/gui.png-atlas
[30Nov2025 01:24:01.079] [Render thread/INFO] [net.neoforged.neoforge.client.entity.animation.json.AnimationLoader/]: Loaded 0 entity animations
[30Nov2025 01:24:07.461] [Render thread/INFO] [net.minecraft.world.item.crafting.RecipeManager/]: Loaded 1407 recipes
[30Nov2025 01:24:07.481] [Render thread/INFO] [net.minecraft.advancements.AdvancementTree/]: Loaded 1520 advancements
[30Nov2025 01:24:07.485] [Render thread/INFO] [net.neoforged.neoforge.common.crafting.RecipePriorityManager/]: Loaded 0 recipe priority overrides
[30Nov2025 01:24:07.763] [Server thread/INFO] [net.minecraft.client.server.IntegratedServer/]: Starting integrated minecraft server version 1.21.8
[30Nov2025 01:24:07.763] [Server thread/INFO] [net.minecraft.server.MinecraftServer/]: Generating keypair
[30Nov2025 01:24:09.033] [Server thread/INFO] [net.minecraft.server.MinecraftServer/]: Preparing start region for dimension minecraft:overworld
[30Nov2025 01:24:09.611] [progressListener/INFO] [net.minecraft.server.level.progress.LoggerChunkProgressListener/]: Preparing spawn area: 0%
[30Nov2025 01:24:09.611] [progressListener/INFO] [net.minecraft.server.level.progress.LoggerChunkProgressListener/]: Preparing spawn area: 0%
[30Nov2025 01:24:09.841] [Server thread/INFO] [net.neoforged.neoforge.server.permission.PermissionAPI/]: Successfully initialized permission handler neoforge:default_handler
[30Nov2025 01:24:09.847] [progressListener/INFO] [net.minecraft.server.level.progress.LoggerChunkProgressListener/]: Time elapsed: 783 ms
[30Nov2025 01:24:09.954] [Server thread/INFO] [net.minecraft.client.server.IntegratedServer/]: Changing view distance to 5, from 10
[30Nov2025 01:24:09.954] [Server thread/INFO] [net.minecraft.client.server.IntegratedServer/]: Changing simulation distance to 12, from 0
[30Nov2025 01:24:11.407] [Server thread/INFO] [net.minecraft.server.players.PlayerList/]: Dev[local:E:eb157210] logged in with entity id 47 at (-68.04689060028838, 72.5, -4.817239428779567)
[30Nov2025 01:24:11.541] [Server thread/INFO] [net.minecraft.server.MinecraftServer/]: Dev joined the game
[30Nov2025 01:24:11.872] [Render thread/INFO] [net.minecraft.advancements.AdvancementTree/]: Loaded 213 advancements
[30Nov2025 01:24:12.211] [Render thread/INFO] [net.minecraft.client.renderer.DynamicUniformStorage/]: Resizing Dynamic Transforms UBO, capacity limit of 2 reached during a single frame. New capacity will be 4.
[30Nov2025 01:24:12.281] [Render thread/INFO] [net.minecraft.client.renderer.DynamicUniformStorage/]: Resizing Dynamic Transforms UBO, capacity limit of 4 reached during a single frame. New capacity will be 8.
[30Nov2025 01:24:12.738] [Render thread/INFO] [net.minecraft.client.renderer.DynamicUniformStorage/]: Resizing Dynamic Transforms UBO, capacity limit of 8 reached during a single frame. New capacity will be 16.
[30Nov2025 01:24:12.758] [Render thread/INFO] [net.minecraft.client.renderer.DynamicUniformStorage/]: Resizing Dynamic Transforms UBO, capacity limit of 16 reached during a single frame. New capacity will be 32.
[30Nov2025 01:24:12.859] [Render thread/INFO] [net.minecraft.client.renderer.DynamicUniformStorage/]: Resizing Dynamic Transforms UBO, capacity limit of 32 reached during a single frame. New capacity will be 64.
[30Nov2025 01:24:13.189] [Render thread/INFO] [net.minecraft.client.renderer.DynamicUniformStorage/]: Resizing Dynamic Transforms UBO, capacity limit of 64 reached during a single frame. New capacity will be 128.
[30Nov2025 01:24:13.351] [Render thread/INFO] [net.minecraft.client.renderer.DynamicUniformStorage/]: Resizing Dynamic Transforms UBO, capacity limit of 128 reached during a single frame. New capacity will be 256.
[30Nov2025 01:24:13.605] [Render thread/INFO] [net.minecraft.client.renderer.DynamicUniformStorage/]: Resizing Dynamic Transforms UBO, capacity limit of 256 reached during a single frame. New capacity will be 512.
[30Nov2025 01:24:16.295] [Server thread/INFO] [net.minecraft.client.server.IntegratedServer/]: Saving and pausing game...
[30Nov2025 01:24:16.380] [Server thread/INFO] [net.minecraft.server.MinecraftServer/]: Saving chunks for level 'ServerLevel[New World]'/minecraft:overworld
[30Nov2025 01:24:16.467] [Server thread/INFO] [net.minecraft.server.MinecraftServer/]: Saving chunks for level 'ServerLevel[New World]'/minecraft:the_end
[30Nov2025 01:24:16.467] [Server thread/INFO] [net.minecraft.server.MinecraftServer/]: Saving chunks for level 'ServerLevel[New World]'/minecraft:the_nether
[30Nov2025 01:24:21.036] [Render thread/INFO] [net.minecraft.client.renderer.DynamicUniformStorage/]: Resizing Dynamic Transforms UBO, capacity limit of 512 reached during a single frame. New capacity will be 1024.
[30Nov2025 01:25:38.145] [Server thread/INFO] [net.minecraft.client.server.IntegratedServer/]: Saving and pausing game...
[30Nov2025 01:25:38.173] [Server thread/INFO] [net.minecraft.server.MinecraftServer/]: Saving chunks for level 'ServerLevel[New World]'/minecraft:overworld
[30Nov2025 01:25:38.196] [Server thread/INFO] [net.minecraft.server.MinecraftServer/]: Saving chunks for level 'ServerLevel[New World]'/minecraft:the_end
[30Nov2025 01:25:38.197] [Server thread/INFO] [net.minecraft.server.MinecraftServer/]: Saving chunks for level 'ServerLevel[New World]'/minecraft:the_nether
[30Nov2025 01:27:27.313] [Render thread/INFO] [net.minecraft.client.gui.components.ChatComponent/]: [System] [CHAT] xp  1.0
[30Nov2025 01:27:27.399] [Render thread/INFO] [net.minecraft.client.gui.components.ChatComponent/]: [System] [CHAT] xp  1.0
[30Nov2025 01:27:27.501] [Render thread/INFO] [net.minecraft.client.gui.components.ChatComponent/]: [System] [CHAT] xp  3.0
[30Nov2025 01:37:40.616] [Render thread/WARN] [net.minecraft.client.multiplayer.ClientPacketListener/]: Received passengers for unknown entity
[30Nov2025 01:37:48.964] [Render thread/WARN] [net.minecraft.client.multiplayer.ClientPacketListener/]: Received passengers for unknown entity
[30Nov2025 01:37:49.513] [Render thread/WARN] [net.minecraft.client.multiplayer.ClientPacketListener/]: Received passengers for unknown entity
[30Nov2025 01:38:45.463] [Render thread/WARN] [net.minecraft.client.multiplayer.ClientPacketListener/]: Received passengers for unknown entity
[30Nov2025 01:38:49.567] [Render thread/INFO] [net.minecraft.client.gui.components.ChatComponent/]: [System] [CHAT] crit roll:79.0
[30Nov2025 01:38:49.570] [Render thread/INFO] [net.minecraft.client.gui.components.ChatComponent/]: [System] [CHAT] crit chance:5.0
[30Nov2025 01:38:49.571] [Render thread/INFO] [net.minecraft.client.gui.components.ChatComponent/]: [System] [CHAT] Baza1.0
[30Nov2025 01:38:49.571] [Render thread/INFO] [net.minecraft.client.gui.components.ChatComponent/]: [System] [CHAT] Additional Flat0.0
[30Nov2025 01:38:49.571] [Render thread/INFO] [net.minecraft.client.gui.components.ChatComponent/]: [System] [CHAT] Combined Damage1.0
[30Nov2025 01:38:49.571] [Render thread/INFO] [net.minecraft.client.gui.components.ChatComponent/]: [System] [CHAT] instant kill roll>>>27.0
[30Nov2025 01:38:49.571] [Render thread/INFO] [net.minecraft.client.gui.components.ChatComponent/]: [System] [CHAT] instant kill chance>>>0.0
[30Nov2025 01:38:50.263] [Render thread/WARN] [net.minecraft.client.multiplayer.ClientPacketListener/]: Received passengers for unknown entity
[30Nov2025 01:38:52.514] [Render thread/INFO] [net.minecraft.client.gui.components.ChatComponent/]: [System] [CHAT] crit roll:84.0
[30Nov2025 01:38:52.514] [Render thread/INFO] [net.minecraft.client.gui.components.ChatComponent/]: [System] [CHAT] crit chance:5.0
[30Nov2025 01:38:52.514] [Render thread/INFO] [net.minecraft.client.gui.components.ChatComponent/]: [System] [CHAT] Baza1.0
[30Nov2025 01:38:52.515] [Render thread/INFO] [net.minecraft.client.gui.components.ChatComponent/]: [System] [CHAT] Additional Flat0.0
[30Nov2025 01:38:52.515] [Render thread/INFO] [net.minecraft.client.gui.components.ChatComponent/]: [System] [CHAT] Combined Damage1.0
[30Nov2025 01:38:52.516] [Render thread/INFO] [net.minecraft.client.gui.components.ChatComponent/]: [System] [CHAT] instant kill roll>>>15.0
[30Nov2025 01:38:52.516] [Render thread/INFO] [net.minecraft.client.gui.components.ChatComponent/]: [System] [CHAT] instant kill chance>>>0.0
[30Nov2025 01:38:55.014] [Render thread/INFO] [net.minecraft.client.gui.components.ChatComponent/]: [System] [CHAT] crit roll:51.0
[30Nov2025 01:38:55.016] [Render thread/INFO] [net.minecraft.client.gui.components.ChatComponent/]: [System] [CHAT] crit chance:5.0
[30Nov2025 01:38:55.016] [Render thread/INFO] [net.minecraft.client.gui.components.ChatComponent/]: [System] [CHAT] Baza1.0
[30Nov2025 01:38:55.016] [Render thread/INFO] [net.minecraft.client.gui.components.ChatComponent/]: [System] [CHAT] Additional Flat0.0
[30Nov2025 01:38:55.016] [Render thread/INFO] [net.minecraft.client.gui.components.ChatComponent/]: [System] [CHAT] Combined Damage1.0
[30Nov2025 01:38:55.016] [Render thread/INFO] [net.minecraft.client.gui.components.ChatComponent/]: [System] [CHAT] instant kill roll>>>22.0
[30Nov2025 01:38:55.016] [Render thread/INFO] [net.minecraft.client.gui.components.ChatComponent/]: [System] [CHAT] instant kill chance>>>0.0
[30Nov2025 01:38:57.166] [Render thread/INFO] [net.minecraft.client.gui.components.ChatComponent/]: [System] [CHAT] crit roll:93.0
[30Nov2025 01:38:57.168] [Render thread/INFO] [net.minecraft.client.gui.components.ChatComponent/]: [System] [CHAT] crit chance:5.0
[30Nov2025 01:38:57.168] [Render thread/INFO] [net.minecraft.client.gui.components.ChatComponent/]: [System] [CHAT] Baza6.0
[30Nov2025 01:38:57.168] [Render thread/INFO] [net.minecraft.client.gui.components.ChatComponent/]: [System] [CHAT] Additional Flat0.0
[30Nov2025 01:38:57.168] [Render thread/INFO] [net.minecraft.client.gui.components.ChatComponent/]: [System] [CHAT] Combined Damage6.0
[30Nov2025 01:38:57.168] [Render thread/INFO] [net.minecraft.client.gui.components.ChatComponent/]: [System] [CHAT] BOMBA!!!!!!!!!!!!!!!!!!!!!!!!!!!!
[30Nov2025 01:38:57.168] [Render thread/INFO] [net.minecraft.client.gui.components.ChatComponent/]: [System] [CHAT] instant kill roll>>>27.0
[30Nov2025 01:38:57.168] [Render thread/INFO] [net.minecraft.client.gui.components.ChatComponent/]: [System] [CHAT] instant kill chance>>>0.0
[30Nov2025 01:38:57.500] [Render thread/INFO] [net.minecraft.client.gui.components.ChatComponent/]: [System] [CHAT] xp  1.0
[30Nov2025 01:38:57.601] [Render thread/INFO] [net.minecraft.client.gui.components.ChatComponent/]: [System] [CHAT] xp  3.0
[30Nov2025 01:38:57.801] [Render thread/INFO] [net.minecraft.client.gui.components.ChatComponent/]: [System] [CHAT] xp  1.0
[30Nov2025 01:39:10.163] [Render thread/INFO] [net.minecraft.client.gui.components.ChatComponent/]: [System] [CHAT] crit roll:37.0
[30Nov2025 01:39:10.164] [Render thread/INFO] [net.minecraft.client.gui.components.ChatComponent/]: [System] [CHAT] crit chance:5.0
[30Nov2025 01:39:10.165] [Render thread/INFO] [net.minecraft.client.gui.components.ChatComponent/]: [System] [CHAT] Baza6.0
[30Nov2025 01:39:10.165] [Render thread/INFO] [net.minecraft.client.gui.components.ChatComponent/]: [System] [CHAT] Additional Flat0.0
[30Nov2025 01:39:10.165] [Render thread/INFO] [net.minecraft.client.gui.components.ChatComponent/]: [System] [CHAT] Combined Damage6.0
[30Nov2025 01:39:10.165] [Render thread/INFO] [net.minecraft.client.gui.components.ChatComponent/]: [System] [CHAT] BOMBA!!!!!!!!!!!!!!!!!!!!!!!!!!!!
[30Nov2025 01:39:10.165] [Render thread/INFO] [net.minecraft.client.gui.components.ChatComponent/]: [System] [CHAT] instant kill roll>>>90.0
[30Nov2025 01:39:10.165] [Render thread/INFO] [net.minecraft.client.gui.components.ChatComponent/]: [System] [CHAT] instant kill chance>>>0.0
[30Nov2025 01:39:14.465] [Render thread/INFO] [net.minecraft.client.gui.components.ChatComponent/]: [System] [CHAT] crit roll:19.0
[30Nov2025 01:39:14.466] [Render thread/INFO] [net.minecraft.client.gui.components.ChatComponent/]: [System] [CHAT] crit chance:5.0
[30Nov2025 01:39:14.466] [Render thread/INFO] [net.minecraft.client.gui.components.ChatComponent/]: [System] [CHAT] Baza6.0
[30Nov2025 01:39:14.466] [Render thread/INFO] [net.minecraft.client.gui.components.ChatComponent/]: [System] [CHAT] Additional Flat0.0
[30Nov2025 01:39:14.467] [Render thread/INFO] [net.minecraft.client.gui.components.ChatComponent/]: [System] [CHAT] Combined Damage6.0
[30Nov2025 01:39:14.467] [Render thread/INFO] [net.minecraft.client.gui.components.ChatComponent/]: [System] [CHAT] BOMBA!!!!!!!!!!!!!!!!!!!!!!!!!!!!
[30Nov2025 01:39:14.467] [Render thread/INFO] [net.minecraft.client.gui.components.ChatComponent/]: [System] [CHAT] instant kill roll>>>59.0
[30Nov2025 01:39:14.467] [Render thread/INFO] [net.minecraft.client.gui.components.ChatComponent/]: [System] [CHAT] instant kill chance>>>0.0
[30Nov2025 01:39:22.415] [Render thread/INFO] [net.minecraft.client.gui.components.ChatComponent/]: [System] [CHAT] crit roll:67.0
[30Nov2025 01:39:22.415] [Render thread/INFO] [net.minecraft.client.gui.components.ChatComponent/]: [System] [CHAT] crit chance:5.0
[30Nov2025 01:39:22.415] [Render thread/INFO] [net.minecraft.client.gui.components.ChatComponent/]: [System] [CHAT] Baza6.0
[30Nov2025 01:39:22.416] [Render thread/INFO] [net.minecraft.client.gui.components.ChatComponent/]: [System] [CHAT] Additional Flat0.0
[30Nov2025 01:39:22.416] [Render thread/INFO] [net.minecraft.client.gui.components.ChatComponent/]: [System] [CHAT] Combined Damage6.0
[30Nov2025 01:39:22.416] [Render thread/INFO] [net.minecraft.client.gui.components.ChatComponent/]: [System] [CHAT] BOMBA!!!!!!!!!!!!!!!!!!!!!!!!!!!!
[30Nov2025 01:39:22.416] [Render thread/INFO] [net.minecraft.client.gui.components.ChatComponent/]: [System] [CHAT] instant kill roll>>>44.0
[30Nov2025 01:39:22.416] [Render thread/INFO] [net.minecraft.client.gui.components.ChatComponent/]: [System] [CHAT] instant kill chance>>>0.0
[30Nov2025 01:39:22.800] [Render thread/INFO] [net.minecraft.client.gui.components.ChatComponent/]: [System] [CHAT] xp  1.0
[30Nov2025 01:39:23.668] [Render thread/INFO] [net.minecraft.client.gui.components.ChatComponent/]: [System] [CHAT] crit roll:46.0
[30Nov2025 01:39:23.668] [Render thread/INFO] [net.minecraft.client.gui.components.ChatComponent/]: [System] [CHAT] crit chance:5.0
[30Nov2025 01:39:23.668] [Render thread/INFO] [net.minecraft.client.gui.components.ChatComponent/]: [System] [CHAT] Baza6.0
[30Nov2025 01:39:23.668] [Render thread/INFO] [net.minecraft.client.gui.components.ChatComponent/]: [System] [CHAT] Additional Flat4.0
[30Nov2025 01:39:23.668] [Render thread/INFO] [net.minecraft.client.gui.components.ChatComponent/]: [System] [CHAT] Combined Damage10.0
[30Nov2025 01:39:23.669] [Render thread/INFO] [net.minecraft.client.gui.components.ChatComponent/]: [System] [CHAT] BOMBA!!!!!!!!!!!!!!!!!!!!!!!!!!!!
[30Nov2025 01:39:23.669] [Render thread/INFO] [net.minecraft.client.gui.components.ChatComponent/]: [System] [CHAT] instant kill roll>>>45.0
[30Nov2025 01:39:23.669] [Render thread/INFO] [net.minecraft.client.gui.components.ChatComponent/]: [System] [CHAT] instant kill chance>>>0.0
[30Nov2025 01:39:30.364] [Render thread/INFO] [net.minecraft.client.gui.components.ChatComponent/]: [System] [CHAT] crit roll:13.0
[30Nov2025 01:39:30.365] [Render thread/INFO] [net.minecraft.client.gui.components.ChatComponent/]: [System] [CHAT] crit chance:5.0
[30Nov2025 01:39:30.365] [Render thread/INFO] [net.minecraft.client.gui.components.ChatComponent/]: [System] [CHAT] Baza6.0
[30Nov2025 01:39:30.365] [Render thread/INFO] [net.minecraft.client.gui.components.ChatComponent/]: [System] [CHAT] Additional Flat0.0
[30Nov2025 01:39:30.365] [Render thread/INFO] [net.minecraft.client.gui.components.ChatComponent/]: [System] [CHAT] Combined Damage6.0
[30Nov2025 01:39:30.365] [Render thread/INFO] [net.minecraft.client.gui.components.ChatComponent/]: [System] [CHAT] BOMBA!!!!!!!!!!!!!!!!!!!!!!!!!!!!
[30Nov2025 01:39:30.365] [Render thread/INFO] [net.minecraft.client.gui.components.ChatComponent/]: [System] [CHAT] instant kill roll>>>6.0
[30Nov2025 01:39:30.365] [Render thread/INFO] [net.minecraft.client.gui.components.ChatComponent/]: [System] [CHAT] instant kill chance>>>0.0
[30Nov2025 01:39:30.365] [Render thread/INFO] [net.minecraft.client.gui.components.ChatComponent/]: [System] [CHAT] crit roll:57.0
[30Nov2025 01:39:30.365] [Render thread/INFO] [net.minecraft.client.gui.components.ChatComponent/]: [System] [CHAT] crit chance:5.0
[30Nov2025 01:39:30.365] [Render thread/INFO] [net.minecraft.client.gui.components.ChatComponent/]: [System] [CHAT] Baza1.0
[30Nov2025 01:39:30.365] [Render thread/INFO] [net.minecraft.client.gui.components.ChatComponent/]: [System] [CHAT] Additional Flat0.0
[30Nov2025 01:39:30.365] [Render thread/INFO] [net.minecraft.client.gui.components.ChatComponent/]: [System] [CHAT] Combined Damage1.0
[30Nov2025 01:39:30.365] [Render thread/INFO] [net.minecraft.client.gui.components.ChatComponent/]: [System] [CHAT] BOMBA!!!!!!!!!!!!!!!!!!!!!!!!!!!!
[30Nov2025 01:39:30.365] [Render thread/INFO] [net.minecraft.client.gui.components.ChatComponent/]: [System] [CHAT] instant kill roll>>>100.0
[30Nov2025 01:39:30.365] [Render thread/INFO] [net.minecraft.client.gui.components.ChatComponent/]: [System] [CHAT] instant kill chance>>>0.0
[30Nov2025 01:39:30.602] [Render thread/INFO] [net.minecraft.client.gui.components.ChatComponent/]: [System] [CHAT] xp  3.0
[30Nov2025 01:39:30.848] [Render thread/INFO] [net.minecraft.client.gui.components.ChatComponent/]: [System] [CHAT] xp  1.0
[30Nov2025 01:39:31.670] [Render thread/INFO] [net.minecraft.client.gui.components.ChatComponent/]: [System] [CHAT] crit roll:92.0
[30Nov2025 01:39:31.671] [Render thread/INFO] [net.minecraft.client.gui.components.ChatComponent/]: [System] [CHAT] crit chance:5.0
[30Nov2025 01:39:31.671] [Render thread/INFO] [net.minecraft.client.gui.components.ChatComponent/]: [System] [CHAT] Baza6.0
[30Nov2025 01:39:31.671] [Render thread/INFO] [net.minecraft.client.gui.components.ChatComponent/]: [System] [CHAT] Additional Flat4.0
[30Nov2025 01:39:31.671] [Render thread/INFO] [net.minecraft.client.gui.components.ChatComponent/]: [System] [CHAT] Combined Damage10.0
[30Nov2025 01:39:31.671] [Render thread/INFO] [net.minecraft.client.gui.components.ChatComponent/]: [System] [CHAT] BOMBA!!!!!!!!!!!!!!!!!!!!!!!!!!!!
[30Nov2025 01:39:31.672] [Render thread/INFO] [net.minecraft.client.gui.components.ChatComponent/]: [System] [CHAT] instant kill roll>>>88.0
[30Nov2025 01:39:31.672] [Render thread/INFO] [net.minecraft.client.gui.components.ChatComponent/]: [System] [CHAT] instant kill chance>>>0.0
[30Nov2025 01:39:32.864] [Render thread/INFO] [net.minecraft.client.gui.components.ChatComponent/]: [System] [CHAT] crit roll:3.0
[30Nov2025 01:39:32.865] [Render thread/INFO] [net.minecraft.client.gui.components.ChatComponent/]: [System] [CHAT] crit chance:5.0
[30Nov2025 01:39:32.865] [Render thread/INFO] [net.minecraft.client.gui.components.ChatComponent/]: [System] [CHAT] BAZA10.0
[30Nov2025 01:39:32.865] [Render thread/INFO] [net.minecraft.client.gui.components.ChatComponent/]: [System] [CHAT] CRIT!15.0
[30Nov2025 01:39:32.865] [Render thread/INFO] [net.minecraft.client.gui.components.ChatComponent/]: [System] [CHAT] BOMBA!!!!!!!!!!!!!!!!!!!!!!!!!!!!
[30Nov2025 01:39:32.865] [Render thread/INFO] [net.minecraft.client.gui.components.ChatComponent/]: [System] [CHAT] instant kill roll>>>32.0
[30Nov2025 01:39:32.865] [Render thread/INFO] [net.minecraft.client.gui.components.ChatComponent/]: [System] [CHAT] instant kill chance>>>0.0
[30Nov2025 01:39:33.051] [Render thread/INFO] [net.minecraft.client.gui.components.ChatComponent/]: [System] [CHAT] xp  1.0
[30Nov2025 01:39:35.503] [Render thread/INFO] [net.minecraft.client.gui.components.ChatComponent/]: [System] [CHAT] xp  1.0
[30Nov2025 01:39:42.963] [Render thread/INFO] [net.minecraft.client.gui.components.ChatComponent/]: [System] [CHAT] crit roll:21.0
[30Nov2025 01:39:42.963] [Render thread/INFO] [net.minecraft.client.gui.components.ChatComponent/]: [System] [CHAT] crit chance:5.0
[30Nov2025 01:39:42.963] [Render thread/INFO] [net.minecraft.client.gui.components.ChatComponent/]: [System] [CHAT] Baza3.9724795818328857
[30Nov2025 01:39:42.963] [Render thread/INFO] [net.minecraft.client.gui.components.ChatComponent/]: [System] [CHAT] Additional Flat0.0
[30Nov2025 01:39:42.963] [Render thread/INFO] [net.minecraft.client.gui.components.ChatComponent/]: [System] [CHAT] Combined Damage3.9724795818328857
[30Nov2025 01:39:42.965] [Render thread/INFO] [net.minecraft.client.gui.components.ChatComponent/]: [System] [CHAT] BOMBA!!!!!!!!!!!!!!!!!!!!!!!!!!!!
[30Nov2025 01:39:42.965] [Render thread/INFO] [net.minecraft.client.gui.components.ChatComponent/]: [System] [CHAT] instant kill roll>>>28.0
[30Nov2025 01:39:42.965] [Render thread/INFO] [net.minecraft.client.gui.components.ChatComponent/]: [System] [CHAT] instant kill chance>>>0.0
[30Nov2025 01:39:44.115] [Render thread/INFO] [net.minecraft.client.gui.components.ChatComponent/]: [System] [CHAT] crit roll:74.0
[30Nov2025 01:39:44.115] [Render thread/INFO] [net.minecraft.client.gui.components.ChatComponent/]: [System] [CHAT] crit chance:5.0
[30Nov2025 01:39:44.115] [Render thread/INFO] [net.minecraft.client.gui.components.ChatComponent/]: [System] [CHAT] Baza6.0
[30Nov2025 01:39:44.115] [Render thread/INFO] [net.minecraft.client.gui.components.ChatComponent/]: [System] [CHAT] Additional Flat4.0
[30Nov2025 01:39:44.115] [Render thread/INFO] [net.minecraft.client.gui.components.ChatComponent/]: [System] [CHAT] Combined Damage10.0
[30Nov2025 01:39:44.115] [Render thread/INFO] [net.minecraft.client.gui.components.ChatComponent/]: [System] [CHAT] BOMBA!!!!!!!!!!!!!!!!!!!!!!!!!!!!
[30Nov2025 01:39:44.115] [Render thread/INFO] [net.minecraft.client.gui.components.ChatComponent/]: [System] [CHAT] instant kill roll>>>49.0
[30Nov2025 01:39:44.115] [Render thread/INFO] [net.minecraft.client.gui.components.ChatComponent/]: [System] [CHAT] instant kill chance>>>0.0
[30Nov2025 01:39:46.853] [Render thread/INFO] [net.minecraft.client.gui.components.ChatComponent/]: [System] [CHAT] xp  3.0
[30Nov2025 01:39:46.953] [Render thread/INFO] [net.minecraft.client.gui.components.ChatComponent/]: [System] [CHAT] xp  1.0
[30Nov2025 01:39:47.051] [Render thread/INFO] [net.minecraft.client.gui.components.ChatComponent/]: [System] [CHAT] xp  3.0
[30Nov2025 01:39:47.150] [Render thread/INFO] [net.minecraft.client.gui.components.ChatComponent/]: [System] [CHAT] xp  1.0
[30Nov2025 01:39:54.645] [Server thread/INFO] [net.minecraft.client.server.IntegratedServer/]: Saving and pausing game...
[30Nov2025 01:39:54.661] [Server thread/INFO] [net.minecraft.server.MinecraftServer/]: Saving chunks for level 'ServerLevel[New World]'/minecraft:overworld
[30Nov2025 01:39:54.667] [Server thread/INFO] [net.minecraft.server.MinecraftServer/]: Saving chunks for level 'ServerLevel[New World]'/minecraft:the_end
[30Nov2025 01:39:54.668] [Server thread/INFO] [net.minecraft.server.MinecraftServer/]: Saving chunks for level 'ServerLevel[New World]'/minecraft:the_nether
[30Nov2025 01:39:55.063] [Render thread/INFO] [net.minecraft.client.Minecraft/]: Stopping!
[30Nov2025 01:39:55.101] [Server thread/INFO] [net.minecraft.server.network.ServerGamePacketListenerImpl/]: Dev lost connection: Disconnected
[30Nov2025 01:39:55.102] [Server thread/INFO] [net.minecraft.server.MinecraftServer/]: Dev left the game
[30Nov2025 01:39:55.121] [Server thread/INFO] [net.minecraft.server.network.ServerCommonPacketListenerImpl/]: Stopping singleplayer server as player logged out
[30Nov2025 01:39:55.145] [Server thread/INFO] [net.minecraft.server.MinecraftServer/]: Stopping server
[30Nov2025 01:39:55.147] [Server thread/INFO] [net.minecraft.server.MinecraftServer/]: Saving players
[30Nov2025 01:39:55.147] [Server thread/INFO] [net.minecraft.server.MinecraftServer/]: Saving worlds
[30Nov2025 01:39:55.218] [Server thread/INFO] [net.minecraft.server.MinecraftServer/]: Saving chunks for level 'ServerLevel[New World]'/minecraft:overworld
[30Nov2025 01:39:55.341] [Server thread/INFO] [net.minecraft.server.MinecraftServer/]: Saving chunks for level 'ServerLevel[New World]'/minecraft:the_end
[30Nov2025 01:39:55.351] [Server thread/INFO] [net.minecraft.server.MinecraftServer/]: Saving chunks for level 'ServerLevel[New World]'/minecraft:the_nether
[30Nov2025 01:39:55.368] [Server thread/INFO] [net.minecraft.server.MinecraftServer/]: ThreadedAnvilChunkStorage (New World): All chunks are saved
[30Nov2025 01:39:55.369] [Server thread/INFO] [net.minecraft.server.MinecraftServer/]: ThreadedAnvilChunkStorage (DIM1): All chunks are saved
[30Nov2025 01:39:55.369] [Server thread/INFO] [net.minecraft.server.MinecraftServer/]: ThreadedAnvilChunkStorage (DIM-1): All chunks are saved
[30Nov2025 01:39:55.369] [Server thread/INFO] [net.minecraft.server.MinecraftServer/]: ThreadedAnvilChunkStorage: All dimensions are saved
